============================= test session starts =============================
platform win32 -- Python 3.14.7, pytest-9.1.1, pluggy-1.6.0
rootdir: C:\Users\k_h50\git\Modern_Construction_ERP\apps\api
configfile: pyproject.toml
plugins: anyio-4.14.2
collected 4 items

apps\api\tests\test_e2e_production.py ..F.                               [100%]

================================== FAILURES ===================================
_________________________ test_inventory_golden_rule __________________________
apps\api\tests\test_e2e_production.py:90: in test_inventory_golden_rule
    wh = Warehouse(name="Main WH", code="WH01", location="Central", is_active=True, tenant_id=tenant_id)
         ^^^^^^^^^^^^^^^^^^^^^^^^^^^^^^^^^^^^^^^^^^^^^^^^^^^^^^^^^^^^^^^^^^^^^^^^^^^^^^^^^^^^^^^^^^^^^^^
<string>:4: in __init__
    ???
..\..\AppData\Local\Programs\Python\Python314\Lib\site-packages\sqlalchemy\orm\state.py:596: in _initialize_instance
    with util.safe_reraise():
         ^^^^^^^^^^^^^^^^^^^
..\..\AppData\Local\Programs\Python\Python314\Lib\site-packages\sqlalchemy\util\langhelpers.py:122: in __exit__
    raise exc_value.with_traceback(exc_tb)
..\..\AppData\Local\Programs\Python\Python314\Lib\site-packages\sqlalchemy\orm\state.py:594: in _initialize_instance
    manager.original_init(*mixed[1:], **kwargs)
..\..\AppData\Local\Programs\Python\Python314\Lib\site-packages\sqlalchemy\orm\decl_base.py:2179: in _declarative_constructor
    raise TypeError(
E   TypeError: 'is_active' is an invalid keyword argument for Warehouse
============================== warnings summary ===============================
apps\api\app\schemas\contracts.py:22
  c:\Users\k_h50\git\Modern_Construction_ERP\apps\api\app\schemas\contracts.py:22: PydanticDeprecatedSince20: Support for class-based `config` is deprecated, use ConfigDict instead. Deprecated in Pydantic V2.0 to be removed in V3.0. See Pydantic V2 Migration Guide at https://errors.pydantic.dev/2.13/migration/
    class ContractTypeResponse(ContractTypeBase):

apps\api\app\schemas\contracts.py:64
  c:\Users\k_h50\git\Modern_Construction_ERP\apps\api\app\schemas\contracts.py:64: PydanticDeprecatedSince20: Support for class-based `config` is deprecated, use ConfigDict instead. Deprecated in Pydantic V2.0 to be removed in V3.0. See Pydantic V2 Migration Guide at https://errors.pydantic.dev/2.13/migration/
    class ContractResponse(ContractBase):

apps\api\app\schemas\wbs.py:24
  c:\Users\k_h50\git\Modern_Construction_ERP\apps\api\app\schemas\wbs.py:24: PydanticDeprecatedSince20: Support for class-based `config` is deprecated, use ConfigDict instead. Deprecated in Pydantic V2.0 to be removed in V3.0. See Pydantic V2 Migration Guide at https://errors.pydantic.dev/2.13/migration/
    class WBSNodeResponse(WBSNodeBase):

apps\api\app\schemas\wbs.py:33
  c:\Users\k_h50\git\Modern_Construction_ERP\apps\api\app\schemas\wbs.py:33: PydanticDeprecatedSince20: Support for class-based `config` is deprecated, use ConfigDict instead. Deprecated in Pydantic V2.0 to be removed in V3.0. See Pydantic V2 Migration Guide at https://errors.pydantic.dev/2.13/migration/
    class WBSNodeTreeResponse(WBSNodeResponse):

apps\api\app\schemas\cost_codes.py:24
  c:\Users\k_h50\git\Modern_Construction_ERP\apps\api\app\schemas\cost_codes.py:24: PydanticDeprecatedSince20: Support for class-based `config` is deprecated, use ConfigDict instead. Deprecated in Pydantic V2.0 to be removed in V3.0. See Pydantic V2 Migration Guide at https://errors.pydantic.dev/2.13/migration/
    class CostCodeResponse(CostCodeBase):

apps\api\app\schemas\cost_codes.py:33
  c:\Users\k_h50\git\Modern_Construction_ERP\apps\api\app\schemas\cost_codes.py:33: PydanticDeprecatedSince20: Support for class-based `config` is deprecated, use ConfigDict instead. Deprecated in Pydantic V2.0 to be removed in V3.0. See Pydantic V2 Migration Guide at https://errors.pydantic.dev/2.13/migration/
    class CostCodeTreeResponse(CostCodeResponse):

apps\api\app\schemas\inventory.py:7
  c:\Users\k_h50\git\Modern_Construction_ERP\apps\api\app\schemas\inventory.py:7: PydanticDeprecatedSince20: Support for class-based `config` is deprecated, use ConfigDict instead. Deprecated in Pydantic V2.0 to be removed in V3.0. See Pydantic V2 Migration Guide at https://errors.pydantic.dev/2.13/migration/
    class InventoryBalanceResponse(BaseModel):

apps\api\app\schemas\inventory.py:35
  c:\Users\k_h50\git\Modern_Construction_ERP\apps\api\app\schemas\inventory.py:35: PydanticDeprecatedSince20: Support for class-based `config` is deprecated, use ConfigDict instead. Deprecated in Pydantic V2.0 to be removed in V3.0. See Pydantic V2 Migration Guide at https://errors.pydantic.dev/2.13/migration/
    class GoodsReceiptResponse(BaseModel):

apps\api\app\schemas\inventory.py:58
  c:\Users\k_h50\git\Modern_Construction_ERP\apps\api\app\schemas\inventory.py:58: PydanticDeprecatedSince20: Support for class-based `config` is deprecated, use ConfigDict instead. Deprecated in Pydantic V2.0 to be removed in V3.0. See Pydantic V2 Migration Guide at https://errors.pydantic.dev/2.13/migration/
    class MaterialIssueResponse(BaseModel):

apps\api\app\schemas\inventory.py:79
  c:\Users\k_h50\git\Modern_Construction_ERP\apps\api\app\schemas\inventory.py:79: PydanticDeprecatedSince20: Support for class-based `config` is deprecated, use ConfigDict instead. Deprecated in Pydantic V2.0 to be removed in V3.0. See Pydantic V2 Migration Guide at https://errors.pydantic.dev/2.13/migration/
    class InventoryTransferResponse(BaseModel):

apps\api\app\schemas\inventory.py:103
  c:\Users\k_h50\git\Modern_Construction_ERP\apps\api\app\schemas\inventory.py:103: PydanticDeprecatedSince20: Support for class-based `config` is deprecated, use ConfigDict instead. Deprecated in Pydantic V2.0 to be removed in V3.0. See Pydantic V2 Migration Guide at https://errors.pydantic.dev/2.13/migration/
    class InventoryAdjustmentResponse(BaseModel):

apps\api\app\schemas\project_cost.py:19
  c:\Users\k_h50\git\Modern_Construction_ERP\apps\api\app\schemas\project_cost.py:19: PydanticDeprecatedSince20: Support for class-based `config` is deprecated, use ConfigDict instead. Deprecated in Pydantic V2.0 to be removed in V3.0. See Pydantic V2 Migration Guide at https://errors.pydantic.dev/2.13/migration/
    class ProjectForecastResponse(BaseModel):

apps\api\app\schemas\accounting.py:19
  c:\Users\k_h50\git\Modern_Construction_ERP\apps\api\app\schemas\accounting.py:19: PydanticDeprecatedSince20: Support for class-based `config` is deprecated, use ConfigDict instead. Deprecated in Pydantic V2.0 to be removed in V3.0. See Pydantic V2 Migration Guide at https://errors.pydantic.dev/2.13/migration/
    class AccountResponse(AccountBase):

apps\api\app\schemas\accounting.py:38
  c:\Users\k_h50\git\Modern_Construction_ERP\apps\api\app\schemas\accounting.py:38: PydanticDeprecatedSince20: Support for class-based `config` is deprecated, use ConfigDict instead. Deprecated in Pydantic V2.0 to be removed in V3.0. See Pydantic V2 Migration Guide at https://errors.pydantic.dev/2.13/migration/
    class JournalLineResponse(JournalLineBase):

apps\api\app\schemas\accounting.py:61
  c:\Users\k_h50\git\Modern_Construction_ERP\apps\api\app\schemas\accounting.py:61: PydanticDeprecatedSince20: Support for class-based `config` is deprecated, use ConfigDict instead. Deprecated in Pydantic V2.0 to be removed in V3.0. See Pydantic V2 Migration Guide at https://errors.pydantic.dev/2.13/migration/
    class JournalResponse(JournalBase):

apps\api\app\schemas\ap_ar.py:19
  c:\Users\k_h50\git\Modern_Construction_ERP\apps\api\app\schemas\ap_ar.py:19: PydanticDeprecatedSince20: Support for class-based `config` is deprecated, use ConfigDict instead. Deprecated in Pydantic V2.0 to be removed in V3.0. See Pydantic V2 Migration Guide at https://errors.pydantic.dev/2.13/migration/
    class APInvoiceLineResponse(APInvoiceLineBase):

apps\api\app\schemas\ap_ar.py:39
  c:\Users\k_h50\git\Modern_Construction_ERP\apps\api\app\schemas\ap_ar.py:39: PydanticDeprecatedSince20: Support for class-based `config` is deprecated, use ConfigDict instead. Deprecated in Pydantic V2.0 to be removed in V3.0. See Pydantic V2 Migration Guide at https://errors.pydantic.dev/2.13/migration/
    class APInvoiceResponse(APInvoiceBase):

apps\api\app\schemas\ap_ar.py:60
  c:\Users\k_h50\git\Modern_Construction_ERP\apps\api\app\schemas\ap_ar.py:60: PydanticDeprecatedSince20: Support for class-based `config` is deprecated, use ConfigDict instead. Deprecated in Pydantic V2.0 to be removed in V3.0. See Pydantic V2 Migration Guide at https://errors.pydantic.dev/2.13/migration/
    class ARInvoiceLineResponse(ARInvoiceLineBase):

apps\api\app\schemas\ap_ar.py:80
  c:\Users\k_h50\git\Modern_Construction_ERP\apps\api\app\schemas\ap_ar.py:80: PydanticDeprecatedSince20: Support for class-based `config` is deprecated, use ConfigDict instead. Deprecated in Pydantic V2.0 to be removed in V3.0. See Pydantic V2 Migration Guide at https://errors.pydantic.dev/2.13/migration/
    class ARInvoiceResponse(ARInvoiceBase):

apps\api\app\schemas\ap_ar.py:107
  c:\Users\k_h50\git\Modern_Construction_ERP\apps\api\app\schemas\ap_ar.py:107: PydanticDeprecatedSince20: Support for class-based `config` is deprecated, use ConfigDict instead. Deprecated in Pydantic V2.0 to be removed in V3.0. See Pydantic V2 Migration Guide at https://errors.pydantic.dev/2.13/migration/
    class PaymentAllocationResponse(PaymentAllocationBase):

apps\api\app\schemas\ap_ar.py:127
  c:\Users\k_h50\git\Modern_Construction_ERP\apps\api\app\schemas\ap_ar.py:127: PydanticDeprecatedSince20: Support for class-based `config` is deprecated, use ConfigDict instead. Deprecated in Pydantic V2.0 to be removed in V3.0. See Pydantic V2 Migration Guide at https://errors.pydantic.dev/2.13/migration/
    class PaymentResponse(PaymentBase):

apps\api\app\schemas\bank.py:20
  c:\Users\k_h50\git\Modern_Construction_ERP\apps\api\app\schemas\bank.py:20: PydanticDeprecatedSince20: Support for class-based `config` is deprecated, use ConfigDict instead. Deprecated in Pydantic V2.0 to be removed in V3.0. See Pydantic V2 Migration Guide at https://errors.pydantic.dev/2.13/migration/
    class BankAccountResponse(BankAccountBase):

apps\api\app\schemas\bank.py:37
  c:\Users\k_h50\git\Modern_Construction_ERP\apps\api\app\schemas\bank.py:37: PydanticDeprecatedSince20: Support for class-based `config` is deprecated, use ConfigDict instead. Deprecated in Pydantic V2.0 to be removed in V3.0. See Pydantic V2 Migration Guide at https://errors.pydantic.dev/2.13/migration/
    class BankTransactionResponse(BankTransactionBase):

apps\api\app\schemas\bank.py:55
  c:\Users\k_h50\git\Modern_Construction_ERP\apps\api\app\schemas\bank.py:55: PydanticDeprecatedSince20: Support for class-based `config` is deprecated, use ConfigDict instead. Deprecated in Pydantic V2.0 to be removed in V3.0. See Pydantic V2 Migration Guide at https://errors.pydantic.dev/2.13/migration/
    class BankStatementLineResponse(BankStatementLineBase):

apps\api\app\schemas\bank.py:74
  c:\Users\k_h50\git\Modern_Construction_ERP\apps\api\app\schemas\bank.py:74: PydanticDeprecatedSince20: Support for class-based `config` is deprecated, use ConfigDict instead. Deprecated in Pydantic V2.0 to be removed in V3.0. See Pydantic V2 Migration Guide at https://errors.pydantic.dev/2.13/migration/
    class BankStatementResponse(BankStatementBase):

apps\api\app\schemas\documents.py:18
  c:\Users\k_h50\git\Modern_Construction_ERP\apps\api\app\schemas\documents.py:18: PydanticDeprecatedSince20: Support for class-based `config` is deprecated, use ConfigDict instead. Deprecated in Pydantic V2.0 to be removed in V3.0. See Pydantic V2 Migration Guide at https://errors.pydantic.dev/2.13/migration/
    class DocumentVersionResponse(BaseModel):

apps\api\app\schemas\documents.py:28
  c:\Users\k_h50\git\Modern_Construction_ERP\apps\api\app\schemas\documents.py:28: PydanticDeprecatedSince20: Support for class-based `config` is deprecated, use ConfigDict instead. Deprecated in Pydantic V2.0 to be removed in V3.0. See Pydantic V2 Migration Guide at https://errors.pydantic.dev/2.13/migration/
    class DocumentPermissionResponse(BaseModel):

apps\api\app\schemas\documents.py:37
  c:\Users\k_h50\git\Modern_Construction_ERP\apps\api\app\schemas\documents.py:37: PydanticDeprecatedSince20: Support for class-based `config` is deprecated, use ConfigDict instead. Deprecated in Pydantic V2.0 to be removed in V3.0. See Pydantic V2 Migration Guide at https://errors.pydantic.dev/2.13/migration/
    class DocumentResponse(DocumentBase):

apps\api\app\schemas\approvals.py:18
  c:\Users\k_h50\git\Modern_Construction_ERP\apps\api\app\schemas\approvals.py:18: PydanticDeprecatedSince20: Support for class-based `config` is deprecated, use ConfigDict instead. Deprecated in Pydantic V2.0 to be removed in V3.0. See Pydantic V2 Migration Guide at https://errors.pydantic.dev/2.13/migration/
    class ApprovalRuleResponse(ApprovalRuleBase):

apps\api\app\schemas\approvals.py:24
  c:\Users\k_h50\git\Modern_Construction_ERP\apps\api\app\schemas\approvals.py:24: PydanticDeprecatedSince20: Support for class-based `config` is deprecated, use ConfigDict instead. Deprecated in Pydantic V2.0 to be removed in V3.0. See Pydantic V2 Migration Guide at https://errors.pydantic.dev/2.13/migration/
    class ApprovalStepResponse(BaseModel):

apps\api\app\schemas\approvals.py:36
  c:\Users\k_h50\git\Modern_Construction_ERP\apps\api\app\schemas\approvals.py:36: PydanticDeprecatedSince20: Support for class-based `config` is deprecated, use ConfigDict instead. Deprecated in Pydantic V2.0 to be removed in V3.0. See Pydantic V2 Migration Guide at https://errors.pydantic.dev/2.13/migration/
    class ApprovalWorkflowResponse(BaseModel):

apps\api\app\schemas\approvals.py:60
  c:\Users\k_h50\git\Modern_Construction_ERP\apps\api\app\schemas\approvals.py:60: PydanticDeprecatedSince20: Support for class-based `config` is deprecated, use ConfigDict instead. Deprecated in Pydantic V2.0 to be removed in V3.0. See Pydantic V2 Migration Guide at https://errors.pydantic.dev/2.13/migration/
    class ApprovalDelegationResponse(ApprovalDelegationBase):

apps\api\app\schemas\notifications.py:16
  c:\Users\k_h50\git\Modern_Construction_ERP\apps\api\app\schemas\notifications.py:16: PydanticDeprecatedSince20: Support for class-based `config` is deprecated, use ConfigDict instead. Deprecated in Pydantic V2.0 to be removed in V3.0. See Pydantic V2 Migration Guide at https://errors.pydantic.dev/2.13/migration/
    class NotificationResponse(NotificationBase):

..\..\AppData\Local\Programs\Python\Python314\Lib\site-packages\fastapi\testclient.py:1
  C:\Users\k_h50\AppData\Local\Programs\Python\Python314\Lib\site-packages\fastapi\testclient.py:1: StarletteDeprecationWarning: Using `httpx` with `starlette.testclient` is deprecated; install `httpx2` instead.
    from starlette.testclient import TestClient as TestClient  # noqa

tests/test_e2e_production.py::test_project_lifecycle_e2e
  C:\Users\k_h50\git\Modern_Construction_ERP\apps\api\tests\conftest.py:41: SAWarning: Can't sort tables for DROP; an unresolvable foreign key dependency exists between tables: employees, hr_departments; and backend does not support ALTER.  To restore at least a partial sort, apply use_alter=True to ForeignKey and ForeignKeyConstraint objects involved in the cycle to mark these as known cycles that will be ignored.
    Base.metadata.drop_all(bind=engine)

-- Docs: https://docs.pytest.org/en/stable/how-to/capture-warnings.html
=========================== short test summary info ===========================
FAILED apps\api\tests\test_e2e_production.py::test_inventory_golden_rule - Ty...
================== 1 failed, 3 passed, 35 warnings in 0.82s ===================
