============================= test session starts =============================
platform win32 -- Python 3.14.7, pytest-9.1.1, pluggy-1.6.0
rootdir: C:\Users\k_h50\git\Modern_Construction_ERP\apps\api
configfile: pyproject.toml
plugins: anyio-4.14.2
collected 1 item

apps\api\tests\test_reporting.py F                                       [100%]

================================== FAILURES ===================================
____________________ test_project_dashboard_and_reporting _____________________

client = <starlette.testclient.TestClient object at 0x0000021577AA1FD0>
db_session = <sqlalchemy.orm.session.Session object at 0x0000021577AA1D30>
auth_headers = {'Authorization': 'Bearer eyJhbGciOiJIUzI1NiIsInR5cCI6IkpXVCJ9.eyJzdWIiOiIyZDk1MDA5ZS01NTNmLTRjMGQtYTI0My01MjQzYzQ1OTB...AiOjE3ODY4MjQxOTR9.6zgbXrIJBiFAjrtIooRpT7K97yswhF2sQ7IxrUXGplc', 'X-Tenant-ID': '2dcbf169-2028-4c88-b3c2-0f3721b6e2bf'}
test_tenant = <app.models.tenant.Tenant object at 0x0000021578AEC6E0>

    def test_project_dashboard_and_reporting(client: TestClient, db_session: Session, auth_headers, test_tenant):
        tenant_id = test_tenant.id
    
        # 1. Setup Base Entities
        project = Project(name="Report Project", project_number="REP-01", status=ProjectStatus.ACTIVE, tenant_id=tenant_id)
        client_ent = Client(name="Report Client", tenant_id=tenant_id)
        supplier_ent = Supplier(name="Report Supplier", tenant_id=tenant_id)
        db_session.add_all([project, client_ent, supplier_ent])
        db_session.flush()
    
        # 2. Contract
        ctype = ContractType(name="Standard", tenant_id=tenant_id)
        db_session.add(ctype)
        db_session.flush()
        contract = Contract(
            project_id=project.id,
            client_id=client_ent.id,
            contract_number="CTR-REP-01",
            contract_type_id=ctype.id,
            original_value=Decimal("100000.00"),
            current_value=Decimal("100000.00"),
            currency_code="USD",
            status=ContractStatus.ACTIVE,
            tenant_id=tenant_id
        )
        db_session.add(contract)
        db_session.flush()
    
        # 3. AP Invoice & Payment
        ap_inv = APInvoice(
            number="AP-REP-01",
            supplier_id=supplier_ent.id,
            date=date.today(),
            due_date=date.today(),
            status=InvoiceStatus.POSTED,
            total_amount=Decimal("1500.00"),
            tenant_id=tenant_id
        )
        db_session.add(ap_inv)
        db_session.flush()
        ap_line = APInvoiceLine(
            invoice_id=ap_inv.id,
            project_id=project.id,
            description="Subcontractor work",
            unit_price=Decimal("1500.00"),
            line_total=Decimal("1500.00"),
            tenant_id=tenant_id
        )
        db_session.add(ap_line)
        db_session.flush()
    
        # 4. AR Invoice & Payment
        ar_inv = ARInvoice(
            number="AR-REP-01",
            client_id=client_ent.id,
            date=date.today(),
            due_date=date.today(),
            status=InvoiceStatus.POSTED,
            total_amount=Decimal("10000.00"),
            tenant_id=tenant_id
        )
        db_session.add(ar_inv)
        db_session.flush()
        ar_line = ARInvoiceLine(
            invoice_id=ar_inv.id,
            project_id=project.id,
            description="Billing Milestone 1",
            unit_price=Decimal("10000.00"),
            line_total=Decimal("10000.00"),
            tenant_id=tenant_id
        )
        db_session.add(ar_line)
        db_session.flush()
    
        coa = ChartOfAccounts(name="Main COA", tenant_id=tenant_id)
        db_session.add(coa)
        db_session.flush()
        cash_acc = Account(chart_of_accounts_id=coa.id, account_code="1000", name="Cash", account_type=AccountType.ASSET, tenant_id=tenant_id)
        rev_acc = Account(chart_of_accounts_id=coa.id, account_code="4000", name="Revenue", account_type=AccountType.REVENUE, tenant_id=tenant_id)
        db_session.add_all([cash_acc, rev_acc])
        db_session.flush()
    
        from app.models.bank import BankAccount
        bank = BankAccount(name="Main", account_number="123", bank_name="Test Bank", currency="USD", gl_account_id=cash_acc.id, tenant_id=tenant_id)
        db_session.add(bank)
        db_session.flush()
    
        ar_pay = Payment(
            reference="PAY-01",
            payment_type=PaymentType.AR_RECEIPT,
            date=date.today(),
            amount=Decimal("4000.00"),
            status=PaymentStatus.POSTED,
            client_id=client_ent.id,
            bank_account_id=bank.id,
            tenant_id=tenant_id
        )
        db_session.add(ar_pay)
        db_session.flush()
        ar_alloc = PaymentAllocation(
            payment_id=ar_pay.id,
            ar_invoice_id=ar_inv.id,
            amount=Decimal("4000.00"),
            tenant_id=tenant_id
        )
        db_session.add(ar_alloc)
    
>       journal = Journal(date=date.today(), description="Test entry", status=JournalStatus.POSTED, tenant_id=tenant_id)
                                                                              ^^^^^^^^^^^^^
E       NameError: name 'JournalStatus' is not defined

apps\api\tests\test_reporting.py:123: NameError
---------------------------- Captured stderr setup ----------------------------
Using proactor: IocpProactor
----------------------------- Captured log setup ------------------------------
DEBUG    asyncio:proactor_events.py:629 Using proactor: IocpProactor
============================== warnings summary ===============================
apps\api\app\schemas\contracts.py:22
  c:\Users\k_h50\git\Modern_Construction_ERP\apps\api\app\schemas\contracts.py:22: PydanticDeprecatedSince20: Support for class-based `config` is deprecated, use ConfigDict instead. Deprecated in Pydantic V2.0 to be removed in V3.0. See Pydantic V2 Migration Guide at https://errors.pydantic.dev/2.13/migration/
    class ContractTypeResponse(ContractTypeBase):

apps\api\app\schemas\contracts.py:64
  c:\Users\k_h50\git\Modern_Construction_ERP\apps\api\app\schemas\contracts.py:64: PydanticDeprecatedSince20: Support for class-based `config` is deprecated, use ConfigDict instead. Deprecated in Pydantic V2.0 to be removed in V3.0. See Pydantic V2 Migration Guide at https://errors.pydantic.dev/2.13/migration/
    class ContractResponse(ContractBase):

apps\api\app\schemas\wbs.py:24
  c:\Users\k_h50\git\Modern_Construction_ERP\apps\api\app\schemas\wbs.py:24: PydanticDeprecatedSince20: Support for class-based `config` is deprecated, use ConfigDict instead. Deprecated in Pydantic V2.0 to be removed in V3.0. See Pydantic V2 Migration Guide at https://errors.pydantic.dev/2.13/migration/
    class WBSNodeResponse(WBSNodeBase):

apps\api\app\schemas\wbs.py:33
  c:\Users\k_h50\git\Modern_Construction_ERP\apps\api\app\schemas\wbs.py:33: PydanticDeprecatedSince20: Support for class-based `config` is deprecated, use ConfigDict instead. Deprecated in Pydantic V2.0 to be removed in V3.0. See Pydantic V2 Migration Guide at https://errors.pydantic.dev/2.13/migration/
    class WBSNodeTreeResponse(WBSNodeResponse):

apps\api\app\schemas\cost_codes.py:24
  c:\Users\k_h50\git\Modern_Construction_ERP\apps\api\app\schemas\cost_codes.py:24: PydanticDeprecatedSince20: Support for class-based `config` is deprecated, use ConfigDict instead. Deprecated in Pydantic V2.0 to be removed in V3.0. See Pydantic V2 Migration Guide at https://errors.pydantic.dev/2.13/migration/
    class CostCodeResponse(CostCodeBase):

apps\api\app\schemas\cost_codes.py:33
  c:\Users\k_h50\git\Modern_Construction_ERP\apps\api\app\schemas\cost_codes.py:33: PydanticDeprecatedSince20: Support for class-based `config` is deprecated, use ConfigDict instead. Deprecated in Pydantic V2.0 to be removed in V3.0. See Pydantic V2 Migration Guide at https://errors.pydantic.dev/2.13/migration/
    class CostCodeTreeResponse(CostCodeResponse):

apps\api\app\schemas\inventory.py:7
  c:\Users\k_h50\git\Modern_Construction_ERP\apps\api\app\schemas\inventory.py:7: PydanticDeprecatedSince20: Support for class-based `config` is deprecated, use ConfigDict instead. Deprecated in Pydantic V2.0 to be removed in V3.0. See Pydantic V2 Migration Guide at https://errors.pydantic.dev/2.13/migration/
    class InventoryBalanceResponse(BaseModel):

apps\api\app\schemas\inventory.py:35
  c:\Users\k_h50\git\Modern_Construction_ERP\apps\api\app\schemas\inventory.py:35: PydanticDeprecatedSince20: Support for class-based `config` is deprecated, use ConfigDict instead. Deprecated in Pydantic V2.0 to be removed in V3.0. See Pydantic V2 Migration Guide at https://errors.pydantic.dev/2.13/migration/
    class GoodsReceiptResponse(BaseModel):

apps\api\app\schemas\inventory.py:58
  c:\Users\k_h50\git\Modern_Construction_ERP\apps\api\app\schemas\inventory.py:58: PydanticDeprecatedSince20: Support for class-based `config` is deprecated, use ConfigDict instead. Deprecated in Pydantic V2.0 to be removed in V3.0. See Pydantic V2 Migration Guide at https://errors.pydantic.dev/2.13/migration/
    class MaterialIssueResponse(BaseModel):

apps\api\app\schemas\inventory.py:79
  c:\Users\k_h50\git\Modern_Construction_ERP\apps\api\app\schemas\inventory.py:79: PydanticDeprecatedSince20: Support for class-based `config` is deprecated, use ConfigDict instead. Deprecated in Pydantic V2.0 to be removed in V3.0. See Pydantic V2 Migration Guide at https://errors.pydantic.dev/2.13/migration/
    class InventoryTransferResponse(BaseModel):

apps\api\app\schemas\inventory.py:103
  c:\Users\k_h50\git\Modern_Construction_ERP\apps\api\app\schemas\inventory.py:103: PydanticDeprecatedSince20: Support for class-based `config` is deprecated, use ConfigDict instead. Deprecated in Pydantic V2.0 to be removed in V3.0. See Pydantic V2 Migration Guide at https://errors.pydantic.dev/2.13/migration/
    class InventoryAdjustmentResponse(BaseModel):

apps\api\app\schemas\project_cost.py:19
  c:\Users\k_h50\git\Modern_Construction_ERP\apps\api\app\schemas\project_cost.py:19: PydanticDeprecatedSince20: Support for class-based `config` is deprecated, use ConfigDict instead. Deprecated in Pydantic V2.0 to be removed in V3.0. See Pydantic V2 Migration Guide at https://errors.pydantic.dev/2.13/migration/
    class ProjectForecastResponse(BaseModel):

apps\api\app\schemas\accounting.py:19
  c:\Users\k_h50\git\Modern_Construction_ERP\apps\api\app\schemas\accounting.py:19: PydanticDeprecatedSince20: Support for class-based `config` is deprecated, use ConfigDict instead. Deprecated in Pydantic V2.0 to be removed in V3.0. See Pydantic V2 Migration Guide at https://errors.pydantic.dev/2.13/migration/
    class AccountResponse(AccountBase):

apps\api\app\schemas\accounting.py:38
  c:\Users\k_h50\git\Modern_Construction_ERP\apps\api\app\schemas\accounting.py:38: PydanticDeprecatedSince20: Support for class-based `config` is deprecated, use ConfigDict instead. Deprecated in Pydantic V2.0 to be removed in V3.0. See Pydantic V2 Migration Guide at https://errors.pydantic.dev/2.13/migration/
    class JournalLineResponse(JournalLineBase):

apps\api\app\schemas\accounting.py:61
  c:\Users\k_h50\git\Modern_Construction_ERP\apps\api\app\schemas\accounting.py:61: PydanticDeprecatedSince20: Support for class-based `config` is deprecated, use ConfigDict instead. Deprecated in Pydantic V2.0 to be removed in V3.0. See Pydantic V2 Migration Guide at https://errors.pydantic.dev/2.13/migration/
    class JournalResponse(JournalBase):

apps\api\app\schemas\ap_ar.py:19
  c:\Users\k_h50\git\Modern_Construction_ERP\apps\api\app\schemas\ap_ar.py:19: PydanticDeprecatedSince20: Support for class-based `config` is deprecated, use ConfigDict instead. Deprecated in Pydantic V2.0 to be removed in V3.0. See Pydantic V2 Migration Guide at https://errors.pydantic.dev/2.13/migration/
    class APInvoiceLineResponse(APInvoiceLineBase):

apps\api\app\schemas\ap_ar.py:39
  c:\Users\k_h50\git\Modern_Construction_ERP\apps\api\app\schemas\ap_ar.py:39: PydanticDeprecatedSince20: Support for class-based `config` is deprecated, use ConfigDict instead. Deprecated in Pydantic V2.0 to be removed in V3.0. See Pydantic V2 Migration Guide at https://errors.pydantic.dev/2.13/migration/
    class APInvoiceResponse(APInvoiceBase):

apps\api\app\schemas\ap_ar.py:60
  c:\Users\k_h50\git\Modern_Construction_ERP\apps\api\app\schemas\ap_ar.py:60: PydanticDeprecatedSince20: Support for class-based `config` is deprecated, use ConfigDict instead. Deprecated in Pydantic V2.0 to be removed in V3.0. See Pydantic V2 Migration Guide at https://errors.pydantic.dev/2.13/migration/
    class ARInvoiceLineResponse(ARInvoiceLineBase):

apps\api\app\schemas\ap_ar.py:80
  c:\Users\k_h50\git\Modern_Construction_ERP\apps\api\app\schemas\ap_ar.py:80: PydanticDeprecatedSince20: Support for class-based `config` is deprecated, use ConfigDict instead. Deprecated in Pydantic V2.0 to be removed in V3.0. See Pydantic V2 Migration Guide at https://errors.pydantic.dev/2.13/migration/
    class ARInvoiceResponse(ARInvoiceBase):

apps\api\app\schemas\ap_ar.py:107
  c:\Users\k_h50\git\Modern_Construction_ERP\apps\api\app\schemas\ap_ar.py:107: PydanticDeprecatedSince20: Support for class-based `config` is deprecated, use ConfigDict instead. Deprecated in Pydantic V2.0 to be removed in V3.0. See Pydantic V2 Migration Guide at https://errors.pydantic.dev/2.13/migration/
    class PaymentAllocationResponse(PaymentAllocationBase):

apps\api\app\schemas\ap_ar.py:127
  c:\Users\k_h50\git\Modern_Construction_ERP\apps\api\app\schemas\ap_ar.py:127: PydanticDeprecatedSince20: Support for class-based `config` is deprecated, use ConfigDict instead. Deprecated in Pydantic V2.0 to be removed in V3.0. See Pydantic V2 Migration Guide at https://errors.pydantic.dev/2.13/migration/
    class PaymentResponse(PaymentBase):

apps\api\app\schemas\bank.py:20
  c:\Users\k_h50\git\Modern_Construction_ERP\apps\api\app\schemas\bank.py:20: PydanticDeprecatedSince20: Support for class-based `config` is deprecated, use ConfigDict instead. Deprecated in Pydantic V2.0 to be removed in V3.0. See Pydantic V2 Migration Guide at https://errors.pydantic.dev/2.13/migration/
    class BankAccountResponse(BankAccountBase):

apps\api\app\schemas\bank.py:37
  c:\Users\k_h50\git\Modern_Construction_ERP\apps\api\app\schemas\bank.py:37: PydanticDeprecatedSince20: Support for class-based `config` is deprecated, use ConfigDict instead. Deprecated in Pydantic V2.0 to be removed in V3.0. See Pydantic V2 Migration Guide at https://errors.pydantic.dev/2.13/migration/
    class BankTransactionResponse(BankTransactionBase):

apps\api\app\schemas\bank.py:55
  c:\Users\k_h50\git\Modern_Construction_ERP\apps\api\app\schemas\bank.py:55: PydanticDeprecatedSince20: Support for class-based `config` is deprecated, use ConfigDict instead. Deprecated in Pydantic V2.0 to be removed in V3.0. See Pydantic V2 Migration Guide at https://errors.pydantic.dev/2.13/migration/
    class BankStatementLineResponse(BankStatementLineBase):

apps\api\app\schemas\bank.py:74
  c:\Users\k_h50\git\Modern_Construction_ERP\apps\api\app\schemas\bank.py:74: PydanticDeprecatedSince20: Support for class-based `config` is deprecated, use ConfigDict instead. Deprecated in Pydantic V2.0 to be removed in V3.0. See Pydantic V2 Migration Guide at https://errors.pydantic.dev/2.13/migration/
    class BankStatementResponse(BankStatementBase):

apps\api\app\schemas\documents.py:18
  c:\Users\k_h50\git\Modern_Construction_ERP\apps\api\app\schemas\documents.py:18: PydanticDeprecatedSince20: Support for class-based `config` is deprecated, use ConfigDict instead. Deprecated in Pydantic V2.0 to be removed in V3.0. See Pydantic V2 Migration Guide at https://errors.pydantic.dev/2.13/migration/
    class DocumentVersionResponse(BaseModel):

apps\api\app\schemas\documents.py:28
  c:\Users\k_h50\git\Modern_Construction_ERP\apps\api\app\schemas\documents.py:28: PydanticDeprecatedSince20: Support for class-based `config` is deprecated, use ConfigDict instead. Deprecated in Pydantic V2.0 to be removed in V3.0. See Pydantic V2 Migration Guide at https://errors.pydantic.dev/2.13/migration/
    class DocumentPermissionResponse(BaseModel):

apps\api\app\schemas\documents.py:37
  c:\Users\k_h50\git\Modern_Construction_ERP\apps\api\app\schemas\documents.py:37: PydanticDeprecatedSince20: Support for class-based `config` is deprecated, use ConfigDict instead. Deprecated in Pydantic V2.0 to be removed in V3.0. See Pydantic V2 Migration Guide at https://errors.pydantic.dev/2.13/migration/
    class DocumentResponse(DocumentBase):

apps\api\app\schemas\approvals.py:18
  c:\Users\k_h50\git\Modern_Construction_ERP\apps\api\app\schemas\approvals.py:18: PydanticDeprecatedSince20: Support for class-based `config` is deprecated, use ConfigDict instead. Deprecated in Pydantic V2.0 to be removed in V3.0. See Pydantic V2 Migration Guide at https://errors.pydantic.dev/2.13/migration/
    class ApprovalRuleResponse(ApprovalRuleBase):

apps\api\app\schemas\approvals.py:24
  c:\Users\k_h50\git\Modern_Construction_ERP\apps\api\app\schemas\approvals.py:24: PydanticDeprecatedSince20: Support for class-based `config` is deprecated, use ConfigDict instead. Deprecated in Pydantic V2.0 to be removed in V3.0. See Pydantic V2 Migration Guide at https://errors.pydantic.dev/2.13/migration/
    class ApprovalStepResponse(BaseModel):

apps\api\app\schemas\approvals.py:36
  c:\Users\k_h50\git\Modern_Construction_ERP\apps\api\app\schemas\approvals.py:36: PydanticDeprecatedSince20: Support for class-based `config` is deprecated, use ConfigDict instead. Deprecated in Pydantic V2.0 to be removed in V3.0. See Pydantic V2 Migration Guide at https://errors.pydantic.dev/2.13/migration/
    class ApprovalWorkflowResponse(BaseModel):

apps\api\app\schemas\approvals.py:60
  c:\Users\k_h50\git\Modern_Construction_ERP\apps\api\app\schemas\approvals.py:60: PydanticDeprecatedSince20: Support for class-based `config` is deprecated, use ConfigDict instead. Deprecated in Pydantic V2.0 to be removed in V3.0. See Pydantic V2 Migration Guide at https://errors.pydantic.dev/2.13/migration/
    class ApprovalDelegationResponse(ApprovalDelegationBase):

apps\api\app\schemas\notifications.py:16
  c:\Users\k_h50\git\Modern_Construction_ERP\apps\api\app\schemas\notifications.py:16: PydanticDeprecatedSince20: Support for class-based `config` is deprecated, use ConfigDict instead. Deprecated in Pydantic V2.0 to be removed in V3.0. See Pydantic V2 Migration Guide at https://errors.pydantic.dev/2.13/migration/
    class NotificationResponse(NotificationBase):

..\..\AppData\Local\Programs\Python\Python314\Lib\site-packages\fastapi\testclient.py:1
  C:\Users\k_h50\AppData\Local\Programs\Python\Python314\Lib\site-packages\fastapi\testclient.py:1: StarletteDeprecationWarning: Using `httpx` with `starlette.testclient` is deprecated; install `httpx2` instead.
    from starlette.testclient import TestClient as TestClient  # noqa

tests/test_reporting.py::test_project_dashboard_and_reporting
  C:\Users\k_h50\git\Modern_Construction_ERP\apps\api\tests\conftest.py:41: SAWarning: Can't sort tables for DROP; an unresolvable foreign key dependency exists between tables: employees, hr_departments; and backend does not support ALTER.  To restore at least a partial sort, apply use_alter=True to ForeignKey and ForeignKeyConstraint objects involved in the cycle to mark these as known cycles that will be ignored.
    Base.metadata.drop_all(bind=engine)

-- Docs: https://docs.pytest.org/en/stable/how-to/capture-warnings.html
=========================== short test summary info ===========================
FAILED apps\api\tests\test_reporting.py::test_project_dashboard_and_reporting
======================= 1 failed, 35 warnings in 0.64s ========================
