============================= test session starts =============================
platform win32 -- Python 3.14.7, pytest-9.1.1, pluggy-1.6.0
rootdir: C:\Users\k_h50\git\Modern_Construction_ERP\apps\api
configfile: pyproject.toml
plugins: anyio-4.14.2
collected 1 item

apps\api\tests\test_reporting.py F                                       [100%]

================================== FAILURES ===================================
____________________ test_project_dashboard_and_reporting _____________________

self = <sqlalchemy.engine.base.Connection object at 0x0000020D1E224FC0>
dialect = <sqlalchemy.dialects.sqlite.pysqlite.SQLiteDialect_pysqlite object at 0x0000020D1CAC9FD0>
context = <sqlalchemy.dialects.sqlite.base.SQLiteExecutionContext object at 0x0000020D1E2E2810>
statement = <sqlalchemy.dialects.sqlite.base.SQLiteCompiler object at 0x0000020D1E06C850>
parameters = [('cbc9c74a41394f35919aa92cc7d3042a', 'Main', '123', 'Test Bank', 'USD', None, ...)]

    def _exec_single_context(
        self,
        dialect: Dialect,
        context: ExecutionContext,
        statement: Union[str, Compiled],
        parameters: Optional[_AnyMultiExecuteParams],
    ) -> CursorResult[Any]:
        """continue the _execute_context() method for a single DBAPI
        cursor.execute() or cursor.executemany() call.
    
        """
        if dialect.bind_typing is BindTyping.SETINPUTSIZES:
            generic_setinputsizes = context._prepare_set_input_sizes()
    
            if generic_setinputsizes:
                try:
                    dialect.do_set_input_sizes(
                        context.cursor, generic_setinputsizes, context
                    )
                except BaseException as e:
                    self._handle_dbapi_exception(
                        e, str(statement), parameters, None, context
                    )
    
        cursor, str_statement, parameters = (
            context.cursor,
            context.statement,
            context.parameters,
        )
    
        effective_parameters: Optional[_AnyExecuteParams]
    
        if not context.executemany:
            effective_parameters = parameters[0]
        else:
            effective_parameters = parameters
    
        if self._has_events or self.engine._has_events:
            for fn in self.dispatch.before_cursor_execute:
                str_statement, effective_parameters = fn(
                    self,
                    cursor,
                    str_statement,
                    effective_parameters,
                    context,
                    context.executemany,
                )
    
        if self._echo:
            self._log_info(str_statement)
    
            stats = context._get_cache_stats()
    
            if not self.engine.hide_parameters:
                self._log_info(
                    "[%s] %r",
                    stats,
                    sql_util._repr_params(
                        effective_parameters,
                        batches=10,
                        ismulti=context.executemany,
                    ),
                )
            else:
                self._log_info(
                    "[%s] [SQL parameters hidden due to hide_parameters=True]",
                    stats,
                )
    
        evt_handled: bool = False
        try:
            if context.execute_style is ExecuteStyle.EXECUTEMANY:
                effective_parameters = cast(
                    "_CoreMultiExecuteParams", effective_parameters
                )
                if self.dialect._has_events:
                    for fn in self.dialect.dispatch.do_executemany:
                        if fn(
                            cursor,
                            str_statement,
                            effective_parameters,
                            context,
                        ):
                            evt_handled = True
                            break
                if not evt_handled:
                    self.dialect.do_executemany(
                        cursor,
                        str_statement,
                        effective_parameters,
                        context,
                    )
            elif not effective_parameters and context.no_parameters:
                if self.dialect._has_events:
                    for fn in self.dialect.dispatch.do_execute_no_params:
                        if fn(cursor, str_statement, context):
                            evt_handled = True
                            break
                if not evt_handled:
                    self.dialect.do_execute_no_params(
                        cursor, str_statement, context
                    )
            else:
                effective_parameters = cast(
                    "_CoreSingleExecuteParams", effective_parameters
                )
                if self.dialect._has_events:
                    for fn in self.dialect.dispatch.do_execute:
                        if fn(
                            cursor,
                            str_statement,
                            effective_parameters,
                            context,
                        ):
                            evt_handled = True
                            break
                if not evt_handled:
>                   self.dialect.do_execute(
                        cursor, str_statement, effective_parameters, context
                    )

..\..\AppData\Local\Programs\Python\Python314\Lib\site-packages\sqlalchemy\engine\base.py:1969: 
_ _ _ _ _ _ _ _ _ _ _ _ _ _ _ _ _ _ _ _ _ _ _ _ _ _ _ _ _ _ _ _ _ _ _ _ _ _ _ _

self = <sqlalchemy.dialects.sqlite.pysqlite.SQLiteDialect_pysqlite object at 0x0000020D1CAC9FD0>
cursor = <sqlite3.Cursor object at 0x0000020D1E2CB5C0>
statement = 'INSERT INTO bank_accounts (id, name, account_number, bank_name, currency, gl_account_id, is_active, tenant_id, created_at, updated_at, created_by, updated_by) VALUES (?, ?, ?, ?, ?, ?, ?, ?, ?, ?, ?, ?)'
parameters = ('cbc9c74a41394f35919aa92cc7d3042a', 'Main', '123', 'Test Bank', 'USD', None, ...)
context = <sqlalchemy.dialects.sqlite.base.SQLiteExecutionContext object at 0x0000020D1E2E2810>

    def do_execute(self, cursor, statement, parameters, context=None):
>       cursor.execute(statement, parameters)
E       sqlite3.IntegrityError: NOT NULL constraint failed: bank_accounts.gl_account_id

..\..\AppData\Local\Programs\Python\Python314\Lib\site-packages\sqlalchemy\engine\default.py:952: IntegrityError

The above exception was the direct cause of the following exception:

client = <starlette.testclient.TestClient object at 0x0000020D1CB91FD0>
db_session = <sqlalchemy.orm.session.Session object at 0x0000020D1CB91D30>
auth_headers = {'Authorization': 'Bearer eyJhbGciOiJIUzI1NiIsInR5cCI6IkpXVCJ9.eyJzdWIiOiI1Yjg3NjQ4Ni00YjFkLTRkZTctOGE5My00MmY3NjQ1ZTR...AiOjE3ODY4MjQxNTd9.2qlyJUt6hNIm3ca_1KDeUgGYKgquISaMedzKO0nogpg', 'X-Tenant-ID': 'ddd6a97a-630d-4da5-aeb7-9f1bc27d1e52'}
test_tenant = <app.models.tenant.Tenant object at 0x0000020D1DBC06E0>

    def test_project_dashboard_and_reporting(client: TestClient, db_session: Session, auth_headers, test_tenant):
        tenant_id = test_tenant.id
    
        # 1. Setup Base Entities
        project = Project(name="Report Project", project_number="REP-01", status=ProjectStatus.ACTIVE, tenant_id=tenant_id)
        client_ent = Client(name="Report Client", tenant_id=tenant_id)
        supplier_ent = Supplier(name="Report Supplier", tenant_id=tenant_id)
        db_session.add_all([project, client_ent, supplier_ent])
        db_session.flush()
    
        # 2. Contract
        ctype = ContractType(name="Standard", tenant_id=tenant_id)
        db_session.add(ctype)
        db_session.flush()
        contract = Contract(
            project_id=project.id,
            client_id=client_ent.id,
            contract_number="CTR-REP-01",
            contract_type_id=ctype.id,
            original_value=Decimal("100000.00"),
            current_value=Decimal("100000.00"),
            currency_code="USD",
            status=ContractStatus.ACTIVE,
            tenant_id=tenant_id
        )
        db_session.add(contract)
        db_session.flush()
    
        # 3. AP Invoice & Payment
        ap_inv = APInvoice(
            number="AP-REP-01",
            supplier_id=supplier_ent.id,
            date=date.today(),
            due_date=date.today(),
            status=InvoiceStatus.POSTED,
            total_amount=Decimal("1500.00"),
            tenant_id=tenant_id
        )
        db_session.add(ap_inv)
        db_session.flush()
        ap_line = APInvoiceLine(
            invoice_id=ap_inv.id,
            project_id=project.id,
            description="Subcontractor work",
            unit_price=Decimal("1500.00"),
            line_total=Decimal("1500.00"),
            tenant_id=tenant_id
        )
        db_session.add(ap_line)
        db_session.flush()
    
        # 4. AR Invoice & Payment
        ar_inv = ARInvoice(
            number="AR-REP-01",
            client_id=client_ent.id,
            date=date.today(),
            due_date=date.today(),
            status=InvoiceStatus.POSTED,
            total_amount=Decimal("10000.00"),
            tenant_id=tenant_id
        )
        db_session.add(ar_inv)
        db_session.flush()
        ar_line = ARInvoiceLine(
            invoice_id=ar_inv.id,
            project_id=project.id,
            description="Billing Milestone 1",
            unit_price=Decimal("10000.00"),
            line_total=Decimal("10000.00"),
            tenant_id=tenant_id
        )
        db_session.add(ar_line)
        db_session.flush()
    
        # AR Payment of 4000
        from app.models.bank import BankAccount
        bank = BankAccount(name="Main", account_number="123", bank_name="Test Bank", currency="USD", tenant_id=tenant_id)
        db_session.add(bank)
>       db_session.flush()

apps\api\tests\test_reporting.py:94: 
_ _ _ _ _ _ _ _ _ _ _ _ _ _ _ _ _ _ _ _ _ _ _ _ _ _ _ _ _ _ _ _ _ _ _ _ _ _ _ _
..\..\AppData\Local\Programs\Python\Python314\Lib\site-packages\sqlalchemy\orm\session.py:4353: in flush
    self._flush(objects)
..\..\AppData\Local\Programs\Python\Python314\Lib\site-packages\sqlalchemy\orm\session.py:4488: in _flush
    with util.safe_reraise():
         ^^^^^^^^^^^^^^^^^^^
..\..\AppData\Local\Programs\Python\Python314\Lib\site-packages\sqlalchemy\util\langhelpers.py:122: in __exit__
    raise exc_value.with_traceback(exc_tb)
..\..\AppData\Local\Programs\Python\Python314\Lib\site-packages\sqlalchemy\orm\session.py:4449: in _flush
    flush_context.execute()
..\..\AppData\Local\Programs\Python\Python314\Lib\site-packages\sqlalchemy\orm\unitofwork.py:465: in execute
    rec.execute(self)
..\..\AppData\Local\Programs\Python\Python314\Lib\site-packages\sqlalchemy\orm\unitofwork.py:641: in execute
    util.preloaded.orm_persistence.save_obj(
..\..\AppData\Local\Programs\Python\Python314\Lib\site-packages\sqlalchemy\orm\persistence.py:94: in save_obj
    _emit_insert_statements(
..\..\AppData\Local\Programs\Python\Python314\Lib\site-packages\sqlalchemy\orm\persistence.py:1234: in _emit_insert_statements
    result = connection.execute(
..\..\AppData\Local\Programs\Python\Python314\Lib\site-packages\sqlalchemy\engine\base.py:1421: in execute
    return meth(
..\..\AppData\Local\Programs\Python\Python314\Lib\site-packages\sqlalchemy\sql\elements.py:526: in _execute_on_connection
    return connection._execute_clauseelement(
..\..\AppData\Local\Programs\Python\Python314\Lib\site-packages\sqlalchemy\engine\base.py:1643: in _execute_clauseelement
    ret = self._execute_context(
..\..\AppData\Local\Programs\Python\Python314\Lib\site-packages\sqlalchemy\engine\base.py:1848: in _execute_context
    return self._exec_single_context(
..\..\AppData\Local\Programs\Python\Python314\Lib\site-packages\sqlalchemy\engine\base.py:1988: in _exec_single_context
    self._handle_dbapi_exception(
..\..\AppData\Local\Programs\Python\Python314\Lib\site-packages\sqlalchemy\engine\base.py:2365: in _handle_dbapi_exception
    raise sqlalchemy_exception.with_traceback(exc_info[2]) from e
..\..\AppData\Local\Programs\Python\Python314\Lib\site-packages\sqlalchemy\engine\base.py:1969: in _exec_single_context
    self.dialect.do_execute(
_ _ _ _ _ _ _ _ _ _ _ _ _ _ _ _ _ _ _ _ _ _ _ _ _ _ _ _ _ _ _ _ _ _ _ _ _ _ _ _

self = <sqlalchemy.dialects.sqlite.pysqlite.SQLiteDialect_pysqlite object at 0x0000020D1CAC9FD0>
cursor = <sqlite3.Cursor object at 0x0000020D1E2CB5C0>
statement = 'INSERT INTO bank_accounts (id, name, account_number, bank_name, currency, gl_account_id, is_active, tenant_id, created_at, updated_at, created_by, updated_by) VALUES (?, ?, ?, ?, ?, ?, ?, ?, ?, ?, ?, ?)'
parameters = ('cbc9c74a41394f35919aa92cc7d3042a', 'Main', '123', 'Test Bank', 'USD', None, ...)
context = <sqlalchemy.dialects.sqlite.base.SQLiteExecutionContext object at 0x0000020D1E2E2810>

    def do_execute(self, cursor, statement, parameters, context=None):
>       cursor.execute(statement, parameters)
E       sqlalchemy.exc.IntegrityError: (sqlite3.IntegrityError) NOT NULL constraint failed: bank_accounts.gl_account_id
E       [SQL: INSERT INTO bank_accounts (id, name, account_number, bank_name, currency, gl_account_id, is_active, tenant_id, created_at, updated_at, created_by, updated_by) VALUES (?, ?, ?, ?, ?, ?, ?, ?, ?, ?, ?, ?)]
E       [parameters: ('cbc9c74a41394f35919aa92cc7d3042a', 'Main', '123', 'Test Bank', 'USD', None, 1, 'ddd6a97a630d4da5aeb79f1bc27d1e52', '2026-08-15 19:47:37.949900', '2026-08-15 19:47:37.949902', None, None)]
E       (Background on this error at: https://sqlalche.me/e/20/gkpj)

..\..\AppData\Local\Programs\Python\Python314\Lib\site-packages\sqlalchemy\engine\default.py:952: IntegrityError
---------------------------- Captured stderr setup ----------------------------
Using proactor: IocpProactor
----------------------------- Captured log setup ------------------------------
DEBUG    asyncio:proactor_events.py:629 Using proactor: IocpProactor
============================== warnings summary ===============================
apps\api\app\schemas\contracts.py:22
  c:\Users\k_h50\git\Modern_Construction_ERP\apps\api\app\schemas\contracts.py:22: PydanticDeprecatedSince20: Support for class-based `config` is deprecated, use ConfigDict instead. Deprecated in Pydantic V2.0 to be removed in V3.0. See Pydantic V2 Migration Guide at https://errors.pydantic.dev/2.13/migration/
    class ContractTypeResponse(ContractTypeBase):

apps\api\app\schemas\contracts.py:64
  c:\Users\k_h50\git\Modern_Construction_ERP\apps\api\app\schemas\contracts.py:64: PydanticDeprecatedSince20: Support for class-based `config` is deprecated, use ConfigDict instead. Deprecated in Pydantic V2.0 to be removed in V3.0. See Pydantic V2 Migration Guide at https://errors.pydantic.dev/2.13/migration/
    class ContractResponse(ContractBase):

apps\api\app\schemas\wbs.py:24
  c:\Users\k_h50\git\Modern_Construction_ERP\apps\api\app\schemas\wbs.py:24: PydanticDeprecatedSince20: Support for class-based `config` is deprecated, use ConfigDict instead. Deprecated in Pydantic V2.0 to be removed in V3.0. See Pydantic V2 Migration Guide at https://errors.pydantic.dev/2.13/migration/
    class WBSNodeResponse(WBSNodeBase):

apps\api\app\schemas\wbs.py:33
  c:\Users\k_h50\git\Modern_Construction_ERP\apps\api\app\schemas\wbs.py:33: PydanticDeprecatedSince20: Support for class-based `config` is deprecated, use ConfigDict instead. Deprecated in Pydantic V2.0 to be removed in V3.0. See Pydantic V2 Migration Guide at https://errors.pydantic.dev/2.13/migration/
    class WBSNodeTreeResponse(WBSNodeResponse):

apps\api\app\schemas\cost_codes.py:24
  c:\Users\k_h50\git\Modern_Construction_ERP\apps\api\app\schemas\cost_codes.py:24: PydanticDeprecatedSince20: Support for class-based `config` is deprecated, use ConfigDict instead. Deprecated in Pydantic V2.0 to be removed in V3.0. See Pydantic V2 Migration Guide at https://errors.pydantic.dev/2.13/migration/
    class CostCodeResponse(CostCodeBase):

apps\api\app\schemas\cost_codes.py:33
  c:\Users\k_h50\git\Modern_Construction_ERP\apps\api\app\schemas\cost_codes.py:33: PydanticDeprecatedSince20: Support for class-based `config` is deprecated, use ConfigDict instead. Deprecated in Pydantic V2.0 to be removed in V3.0. See Pydantic V2 Migration Guide at https://errors.pydantic.dev/2.13/migration/
    class CostCodeTreeResponse(CostCodeResponse):

apps\api\app\schemas\inventory.py:7
  c:\Users\k_h50\git\Modern_Construction_ERP\apps\api\app\schemas\inventory.py:7: PydanticDeprecatedSince20: Support for class-based `config` is deprecated, use ConfigDict instead. Deprecated in Pydantic V2.0 to be removed in V3.0. See Pydantic V2 Migration Guide at https://errors.pydantic.dev/2.13/migration/
    class InventoryBalanceResponse(BaseModel):

apps\api\app\schemas\inventory.py:35
  c:\Users\k_h50\git\Modern_Construction_ERP\apps\api\app\schemas\inventory.py:35: PydanticDeprecatedSince20: Support for class-based `config` is deprecated, use ConfigDict instead. Deprecated in Pydantic V2.0 to be removed in V3.0. See Pydantic V2 Migration Guide at https://errors.pydantic.dev/2.13/migration/
    class GoodsReceiptResponse(BaseModel):

apps\api\app\schemas\inventory.py:58
  c:\Users\k_h50\git\Modern_Construction_ERP\apps\api\app\schemas\inventory.py:58: PydanticDeprecatedSince20: Support for class-based `config` is deprecated, use ConfigDict instead. Deprecated in Pydantic V2.0 to be removed in V3.0. See Pydantic V2 Migration Guide at https://errors.pydantic.dev/2.13/migration/
    class MaterialIssueResponse(BaseModel):

apps\api\app\schemas\inventory.py:79
  c:\Users\k_h50\git\Modern_Construction_ERP\apps\api\app\schemas\inventory.py:79: PydanticDeprecatedSince20: Support for class-based `config` is deprecated, use ConfigDict instead. Deprecated in Pydantic V2.0 to be removed in V3.0. See Pydantic V2 Migration Guide at https://errors.pydantic.dev/2.13/migration/
    class InventoryTransferResponse(BaseModel):

apps\api\app\schemas\inventory.py:103
  c:\Users\k_h50\git\Modern_Construction_ERP\apps\api\app\schemas\inventory.py:103: PydanticDeprecatedSince20: Support for class-based `config` is deprecated, use ConfigDict instead. Deprecated in Pydantic V2.0 to be removed in V3.0. See Pydantic V2 Migration Guide at https://errors.pydantic.dev/2.13/migration/
    class InventoryAdjustmentResponse(BaseModel):

apps\api\app\schemas\project_cost.py:19
  c:\Users\k_h50\git\Modern_Construction_ERP\apps\api\app\schemas\project_cost.py:19: PydanticDeprecatedSince20: Support for class-based `config` is deprecated, use ConfigDict instead. Deprecated in Pydantic V2.0 to be removed in V3.0. See Pydantic V2 Migration Guide at https://errors.pydantic.dev/2.13/migration/
    class ProjectForecastResponse(BaseModel):

apps\api\app\schemas\accounting.py:19
  c:\Users\k_h50\git\Modern_Construction_ERP\apps\api\app\schemas\accounting.py:19: PydanticDeprecatedSince20: Support for class-based `config` is deprecated, use ConfigDict instead. Deprecated in Pydantic V2.0 to be removed in V3.0. See Pydantic V2 Migration Guide at https://errors.pydantic.dev/2.13/migration/
    class AccountResponse(AccountBase):

apps\api\app\schemas\accounting.py:38
  c:\Users\k_h50\git\Modern_Construction_ERP\apps\api\app\schemas\accounting.py:38: PydanticDeprecatedSince20: Support for class-based `config` is deprecated, use ConfigDict instead. Deprecated in Pydantic V2.0 to be removed in V3.0. See Pydantic V2 Migration Guide at https://errors.pydantic.dev/2.13/migration/
    class JournalLineResponse(JournalLineBase):

apps\api\app\schemas\accounting.py:61
  c:\Users\k_h50\git\Modern_Construction_ERP\apps\api\app\schemas\accounting.py:61: PydanticDeprecatedSince20: Support for class-based `config` is deprecated, use ConfigDict instead. Deprecated in Pydantic V2.0 to be removed in V3.0. See Pydantic V2 Migration Guide at https://errors.pydantic.dev/2.13/migration/
    class JournalResponse(JournalBase):

apps\api\app\schemas\ap_ar.py:19
  c:\Users\k_h50\git\Modern_Construction_ERP\apps\api\app\schemas\ap_ar.py:19: PydanticDeprecatedSince20: Support for class-based `config` is deprecated, use ConfigDict instead. Deprecated in Pydantic V2.0 to be removed in V3.0. See Pydantic V2 Migration Guide at https://errors.pydantic.dev/2.13/migration/
    class APInvoiceLineResponse(APInvoiceLineBase):

apps\api\app\schemas\ap_ar.py:39
  c:\Users\k_h50\git\Modern_Construction_ERP\apps\api\app\schemas\ap_ar.py:39: PydanticDeprecatedSince20: Support for class-based `config` is deprecated, use ConfigDict instead. Deprecated in Pydantic V2.0 to be removed in V3.0. See Pydantic V2 Migration Guide at https://errors.pydantic.dev/2.13/migration/
    class APInvoiceResponse(APInvoiceBase):

apps\api\app\schemas\ap_ar.py:60
  c:\Users\k_h50\git\Modern_Construction_ERP\apps\api\app\schemas\ap_ar.py:60: PydanticDeprecatedSince20: Support for class-based `config` is deprecated, use ConfigDict instead. Deprecated in Pydantic V2.0 to be removed in V3.0. See Pydantic V2 Migration Guide at https://errors.pydantic.dev/2.13/migration/
    class ARInvoiceLineResponse(ARInvoiceLineBase):

apps\api\app\schemas\ap_ar.py:80
  c:\Users\k_h50\git\Modern_Construction_ERP\apps\api\app\schemas\ap_ar.py:80: PydanticDeprecatedSince20: Support for class-based `config` is deprecated, use ConfigDict instead. Deprecated in Pydantic V2.0 to be removed in V3.0. See Pydantic V2 Migration Guide at https://errors.pydantic.dev/2.13/migration/
    class ARInvoiceResponse(ARInvoiceBase):

apps\api\app\schemas\ap_ar.py:107
  c:\Users\k_h50\git\Modern_Construction_ERP\apps\api\app\schemas\ap_ar.py:107: PydanticDeprecatedSince20: Support for class-based `config` is deprecated, use ConfigDict instead. Deprecated in Pydantic V2.0 to be removed in V3.0. See Pydantic V2 Migration Guide at https://errors.pydantic.dev/2.13/migration/
    class PaymentAllocationResponse(PaymentAllocationBase):

apps\api\app\schemas\ap_ar.py:127
  c:\Users\k_h50\git\Modern_Construction_ERP\apps\api\app\schemas\ap_ar.py:127: PydanticDeprecatedSince20: Support for class-based `config` is deprecated, use ConfigDict instead. Deprecated in Pydantic V2.0 to be removed in V3.0. See Pydantic V2 Migration Guide at https://errors.pydantic.dev/2.13/migration/
    class PaymentResponse(PaymentBase):

apps\api\app\schemas\bank.py:20
  c:\Users\k_h50\git\Modern_Construction_ERP\apps\api\app\schemas\bank.py:20: PydanticDeprecatedSince20: Support for class-based `config` is deprecated, use ConfigDict instead. Deprecated in Pydantic V2.0 to be removed in V3.0. See Pydantic V2 Migration Guide at https://errors.pydantic.dev/2.13/migration/
    class BankAccountResponse(BankAccountBase):

apps\api\app\schemas\bank.py:37
  c:\Users\k_h50\git\Modern_Construction_ERP\apps\api\app\schemas\bank.py:37: PydanticDeprecatedSince20: Support for class-based `config` is deprecated, use ConfigDict instead. Deprecated in Pydantic V2.0 to be removed in V3.0. See Pydantic V2 Migration Guide at https://errors.pydantic.dev/2.13/migration/
    class BankTransactionResponse(BankTransactionBase):

apps\api\app\schemas\bank.py:55
  c:\Users\k_h50\git\Modern_Construction_ERP\apps\api\app\schemas\bank.py:55: PydanticDeprecatedSince20: Support for class-based `config` is deprecated, use ConfigDict instead. Deprecated in Pydantic V2.0 to be removed in V3.0. See Pydantic V2 Migration Guide at https://errors.pydantic.dev/2.13/migration/
    class BankStatementLineResponse(BankStatementLineBase):

apps\api\app\schemas\bank.py:74
  c:\Users\k_h50\git\Modern_Construction_ERP\apps\api\app\schemas\bank.py:74: PydanticDeprecatedSince20: Support for class-based `config` is deprecated, use ConfigDict instead. Deprecated in Pydantic V2.0 to be removed in V3.0. See Pydantic V2 Migration Guide at https://errors.pydantic.dev/2.13/migration/
    class BankStatementResponse(BankStatementBase):

apps\api\app\schemas\documents.py:18
  c:\Users\k_h50\git\Modern_Construction_ERP\apps\api\app\schemas\documents.py:18: PydanticDeprecatedSince20: Support for class-based `config` is deprecated, use ConfigDict instead. Deprecated in Pydantic V2.0 to be removed in V3.0. See Pydantic V2 Migration Guide at https://errors.pydantic.dev/2.13/migration/
    class DocumentVersionResponse(BaseModel):

apps\api\app\schemas\documents.py:28
  c:\Users\k_h50\git\Modern_Construction_ERP\apps\api\app\schemas\documents.py:28: PydanticDeprecatedSince20: Support for class-based `config` is deprecated, use ConfigDict instead. Deprecated in Pydantic V2.0 to be removed in V3.0. See Pydantic V2 Migration Guide at https://errors.pydantic.dev/2.13/migration/
    class DocumentPermissionResponse(BaseModel):

apps\api\app\schemas\documents.py:37
  c:\Users\k_h50\git\Modern_Construction_ERP\apps\api\app\schemas\documents.py:37: PydanticDeprecatedSince20: Support for class-based `config` is deprecated, use ConfigDict instead. Deprecated in Pydantic V2.0 to be removed in V3.0. See Pydantic V2 Migration Guide at https://errors.pydantic.dev/2.13/migration/
    class DocumentResponse(DocumentBase):

apps\api\app\schemas\approvals.py:18
  c:\Users\k_h50\git\Modern_Construction_ERP\apps\api\app\schemas\approvals.py:18: PydanticDeprecatedSince20: Support for class-based `config` is deprecated, use ConfigDict instead. Deprecated in Pydantic V2.0 to be removed in V3.0. See Pydantic V2 Migration Guide at https://errors.pydantic.dev/2.13/migration/
    class ApprovalRuleResponse(ApprovalRuleBase):

apps\api\app\schemas\approvals.py:24
  c:\Users\k_h50\git\Modern_Construction_ERP\apps\api\app\schemas\approvals.py:24: PydanticDeprecatedSince20: Support for class-based `config` is deprecated, use ConfigDict instead. Deprecated in Pydantic V2.0 to be removed in V3.0. See Pydantic V2 Migration Guide at https://errors.pydantic.dev/2.13/migration/
    class ApprovalStepResponse(BaseModel):

apps\api\app\schemas\approvals.py:36
  c:\Users\k_h50\git\Modern_Construction_ERP\apps\api\app\schemas\approvals.py:36: PydanticDeprecatedSince20: Support for class-based `config` is deprecated, use ConfigDict instead. Deprecated in Pydantic V2.0 to be removed in V3.0. See Pydantic V2 Migration Guide at https://errors.pydantic.dev/2.13/migration/
    class ApprovalWorkflowResponse(BaseModel):

apps\api\app\schemas\approvals.py:60
  c:\Users\k_h50\git\Modern_Construction_ERP\apps\api\app\schemas\approvals.py:60: PydanticDeprecatedSince20: Support for class-based `config` is deprecated, use ConfigDict instead. Deprecated in Pydantic V2.0 to be removed in V3.0. See Pydantic V2 Migration Guide at https://errors.pydantic.dev/2.13/migration/
    class ApprovalDelegationResponse(ApprovalDelegationBase):

apps\api\app\schemas\notifications.py:16
  c:\Users\k_h50\git\Modern_Construction_ERP\apps\api\app\schemas\notifications.py:16: PydanticDeprecatedSince20: Support for class-based `config` is deprecated, use ConfigDict instead. Deprecated in Pydantic V2.0 to be removed in V3.0. See Pydantic V2 Migration Guide at https://errors.pydantic.dev/2.13/migration/
    class NotificationResponse(NotificationBase):

..\..\AppData\Local\Programs\Python\Python314\Lib\site-packages\fastapi\testclient.py:1
  C:\Users\k_h50\AppData\Local\Programs\Python\Python314\Lib\site-packages\fastapi\testclient.py:1: StarletteDeprecationWarning: Using `httpx` with `starlette.testclient` is deprecated; install `httpx2` instead.
    from starlette.testclient import TestClient as TestClient  # noqa

tests/test_reporting.py::test_project_dashboard_and_reporting
  C:\Users\k_h50\git\Modern_Construction_ERP\apps\api\tests\conftest.py:41: SAWarning: Can't sort tables for DROP; an unresolvable foreign key dependency exists between tables: employees, hr_departments; and backend does not support ALTER.  To restore at least a partial sort, apply use_alter=True to ForeignKey and ForeignKeyConstraint objects involved in the cycle to mark these as known cycles that will be ignored.
    Base.metadata.drop_all(bind=engine)

-- Docs: https://docs.pytest.org/en/stable/how-to/capture-warnings.html
=========================== short test summary info ===========================
FAILED apps\api\tests\test_reporting.py::test_project_dashboard_and_reporting
======================= 1 failed, 35 warnings in 1.01s ========================
